[16:07:08] [main/INFO]: Loading Minecraft 1.21.11 with Fabric Loader 0.19.3
[16:07:08] [main/INFO]: Loading 57 mods:
	- chunky 1.4.55
	- fabric-api 0.141.4+1.21.11
	   |-- fabric-api-base 1.0.5+4ebb5c083e
	   |-- fabric-api-lookup-api-v1 1.6.114+20dc27073e
	   |-- fabric-biome-api-v1 17.1.1+4fc5413f3e
	   |-- fabric-block-api-v1 1.1.10+4ebb5c083e
	   |-- fabric-block-view-api-v2 1.0.39+4ebb5c083e
	   |-- fabric-command-api-v2 2.4.7+6b42a6003e
	   |-- fabric-content-registries-v0 10.2.14+4fc5413f3e
	   |-- fabric-convention-tags-v1 2.1.55+7f945d5b3e
	   |-- fabric-convention-tags-v2 2.17.3+8ef948ba3e
	   |-- fabric-crash-report-info-v1 0.3.23+4ebb5c083e
	   |-- fabric-data-attachment-api-v1 1.8.48+eed0806f3e
	   |-- fabric-data-generation-api-v1 23.4.1+69974c4e3e
	   |-- fabric-dimensions-v1 4.0.28+4fc5413f3e
	   |-- fabric-entity-events-v1 3.1.1+1d0ab4303e
	   |-- fabric-events-interaction-v0 4.1.1+3b89ecf63e
	   |-- fabric-game-rule-api-v1 2.0.3+4fc5413f3e
	   |-- fabric-item-api-v1 11.5.20+d0c46b9e3e
	   |-- fabric-item-group-api-v1 4.2.36+4fc5413f3e
	   |-- fabric-key-binding-api-v1 1.1.7+4fc5413f3e
	   |-- fabric-lifecycle-events-v1 2.6.15+4ebb5c083e
	   |-- fabric-loot-api-v2 3.0.73+3f89f5a53e
	   |-- fabric-loot-api-v3 2.0.20+78c8b4663e
	   |-- fabric-message-api-v1 6.1.12+4ebb5c083e
	   |-- fabric-model-loading-api-v1 6.0.15+4fc5413f3e
	   |-- fabric-networking-api-v1 5.1.6+6b6d71a53e
	   |-- fabric-object-builder-api-v1 21.1.40+4fc5413f3e
	   |-- fabric-particles-v1 4.2.12+4fc5413f3e
	   |-- fabric-recipe-api-v1 8.2.4+4ebb5c083e
	   |-- fabric-registry-sync-v0 6.2.6+1718722b3e
	   |-- fabric-renderer-api-v1 8.0.3+f4ffd2e53e
	   |-- fabric-renderer-indigo 5.0.3+f4ffd2e53e
	   |-- fabric-rendering-fluids-v1 3.1.43+4ebb5c083e
	   |-- fabric-rendering-v1 16.2.10+0290ad933e
	   |-- fabric-resource-conditions-api-v1 5.0.35+4fc5413f3e
	   |-- fabric-resource-loader-v0 3.3.4+4fc5413f3e
	   |-- fabric-resource-loader-v1 1.0.10+78c8b4663e
	   |-- fabric-screen-api-v1 3.1.7+4ebb5c083e
	   |-- fabric-screen-handler-api-v1 1.3.162+4fc5413f3e
	   |-- fabric-serialization-api-v1 1.0.5+4ebb5c083e
	   |-- fabric-sound-api-v1 1.0.51+4fc5413f3e
	   |-- fabric-tag-api-v1 1.2.20+4fc5413f3e
	   |-- fabric-transfer-api-v1 6.0.25+4fc5413f3e
	   \-- fabric-transitive-access-wideners-v1 7.1.0+014c8cec3e
	- fabricloader 0.19.3
	   \-- mixinextras 0.5.4
	- fallingtree 1.21.11.3
	- java 25
	- lithostitched 1.7.2
	- minecraft 1.21.11
	- polymer-bundled 0.15.2+1.21.11
	   |-- polymer-autohost 0.15.2+1.21.11
	   |-- polymer-blocks 0.15.2+1.21.11
	   |-- polymer-common 0.15.2+1.21.11
	   |    \-- packet_tweaker 0.6.0+1.21.10
	   |-- polymer-core 0.15.2+1.21.11
	   |    |-- polymer-networking 0.15.2+1.21.11
	   |    |    \-- polymer-common 0.15.2+1.21.11
	   |    |         \-- packet_tweaker 0.6.0+1.21.10
	   |    \-- polymer-registry-sync-manipulator 0.15.2+1.21.11
	   |-- polymer-resource-pack 0.15.2+1.21.11
	   |    \-- polymer-common 0.15.2+1.21.11
	   |         \-- packet_tweaker 0.6.0+1.21.10
	   |-- polymer-resource-pack-extras 0.15.2+1.21.11
	   |-- polymer-sound-patcher 0.15.2+1.21.11
	   \-- polymer-virtual-entity 0.15.2+1.21.11
	        \-- polymer-common 0.15.2+1.21.11
	             \-- packet_tweaker 0.6.0+1.21.10
	- terralith 2.6.1
[16:07:08] [main/INFO]: SpongePowered MIXIN Subsystem Version=0.8.7 Source=file:/data/libraries/net/fabricmc/sponge-mixin/0.17.3+mixin.0.8.7/sponge-mixin-0.17.3+mixin.0.8.7.jar Service=Knot/Fabric Env=SERVER
[16:07:08] [main/INFO]: Compatibility level set to JAVA_17
[16:07:08] [main/INFO]: Compatibility level set to JAVA_21
[16:07:10] [main/INFO]: Initializing MixinExtras via com.llamalad7.mixinextras.service.MixinExtrasServiceImpl(version=0.5.4).
[16:07:17] [main/INFO]: Environment: Environment[sessionHost=https://sessionserver.mojang.com, servicesHost=https://api.minecraftservices.com, profilesHost=https://api.mojang.com, name=PROD]
[16:07:17] [main/INFO]: Found non-pack entry './world/datapacks/.DS_Store', ignoring
[16:07:17] [main/WARN]: Non [a-z0-9_.-] character in namespace .DS_Store in pack ./world/datapacks/custom_chat_format, ignoring
[16:07:17] [main/WARN]: Non [a-z0-9_.-] character in namespace .DS_Store in pack ./world/datapacks/custom_chat_format, ignoring
[16:07:21] [main/INFO]: Loaded 1470 recipes
[16:07:21] [main/INFO]: Loaded 1584 advancements
[16:07:21] [main/INFO]: Applied 0 biome modifications to 0 of 160 new biomes in 3.015 ms
[16:07:21] [Server thread/INFO]: Starting minecraft server version 1.21.11
[16:07:21] [Server thread/INFO]: Loading properties
[16:07:21] [Server thread/INFO]: Default game type: SURVIVAL
[16:07:21] [Server thread/INFO]: Generating keypair
[16:07:21] [Server thread/INFO]: Starting Minecraft server on *:25565
[16:07:22] [Server thread/WARN]: **** SERVER IS RUNNING IN OFFLINE/INSECURE MODE!
[16:07:22] [Server thread/WARN]: The server will make no attempt to authenticate usernames. Beware.
[16:07:22] [Server thread/WARN]: While this makes the game possible to play without internet access, it also opens up the ability for hackers to connect with any username they choose.
[16:07:22] [Server thread/WARN]: To change this, set "online-mode" to "true" in the server.properties file.
[16:07:22] [Server thread/INFO]: Preparing level "world"
[16:07:22] [Server thread/INFO]: Loading 0 persistent chunks...
[16:07:22] [Server thread/INFO]: Preparing spawn area: 100%
[16:07:22] [Server thread/INFO]: Time elapsed: 127 ms
[16:07:22] [Server thread/INFO]: Done (0.890s)! For help, type "help"
[16:07:22] [Server thread/INFO]: Starting remote control listener
[16:07:22] [Server thread/INFO]: Thread RCON Listener started
[16:07:22] [Server thread/INFO]: RCON running on 0.0.0.0:25575
[16:07:23] [RCON Listener #1/INFO]: Thread RCON Client /0:0:0:0:0:0:0:1 started
[16:07:23] [RCON Client /0:0:0:0:0:0:0:1 #2/INFO]: Thread RCON Client /0:0:0:0:0:0:0:1 shutting down
[16:07:26] [RCON Listener #1/INFO]: Thread RCON Client /0:0:0:0:0:0:0:1 started
[16:08:22] [Server thread/INFO]: Server empty for 60 seconds, pausing
[16:14:24] [Server thread/INFO]: _14dec[/192.168.65.1:54646] logged in with entity id 121 at (-276.1064031102409, 89.8067528769082, 777.6172519079013)
[16:14:24] [Server thread/INFO]: _14dec joined the game
[16:14:31] [Server thread/WARN]: Can't keep up! Is the server overloaded? Running 3714ms or 74 ticks behind
[16:15:30] [Server thread/WARN]: Can't keep up! Is the server overloaded? Running 44360ms or 887 ticks behind
[16:15:47] [Server thread/INFO]: _14dec lost connection: Disconnected
[16:15:47] [Server thread/INFO]: _14dec left the game
[16:15:48] [Server thread/WARN]: Can't keep up! Is the server overloaded? Running 2810ms or 56 ticks behind
[16:16:48] [Server thread/INFO]: Server empty for 60 seconds, pausing
[16:18:31] [Server thread/INFO]: _14dec[/192.168.65.1:20906] logged in with entity id 456 at (-248.93958704050166, 77.62530253314092, 758.8117334164845)
[16:18:31] [Server thread/INFO]: _14dec joined the game
[16:18:40] [Server thread/WARN]: Can't keep up! Is the server overloaded? Running 2183ms or 43 ticks behind
[16:19:31] [Server thread/WARN]: Can't keep up! Is the server overloaded? Running 36409ms or 728 ticks behind
[16:19:56] [Server thread/WARN]: Can't keep up! Is the server overloaded? Running 9625ms or 192 ticks behind
[16:22:47] [Server thread/WARN]: Can't keep up! Is the server overloaded? Running 2360ms or 47 ticks behind
[16:23:04] [Server thread/WARN]: Can't keep up! Is the server overloaded? Running 2028ms or 40 ticks behind
[16:23:38] [Server thread/WARN]: Can't keep up! Is the server overloaded? Running 18994ms or 379 ticks behind
[16:24:20] [Server thread/WARN]: Can't keep up! Is the server overloaded? Running 27225ms or 544 ticks behind
[16:24:57] [Server thread/WARN]: Can't keep up! Is the server overloaded? Running 21338ms or 426 ticks behind
[16:25:39] [Server thread/WARN]: Can't keep up! Is the server overloaded? Running 27097ms or 541 ticks behind
[16:25:47] [Server thread/WARN]: _14dec moved too quickly! 10.11788534629116,0.0,-0.17888823285693434
[16:25:52] [Server thread/WARN]: _14dec moved too quickly! -5.362909834537049,0.0,9.524983825137951
[16:25:55] [Server thread/WARN]: _14dec moved too quickly! -10.481461034476297,0.0,0.6269016421313154
[16:25:57] [Server thread/WARN]: _14dec moved too quickly! -10.126254135745683,0.0,0.4367919398827098
[16:25:59] [Server thread/WARN]: _14dec moved too quickly! -10.596602211270522,0.0,0.45338403139726324
[16:26:03] [Server thread/WARN]: _14dec moved too quickly! -10.243365816064113,0.0,0.4382705320226705
[16:26:09] [Server thread/WARN]: _14dec moved too quickly! -7.128230009409663,-7.307580651716648,-0.16268988220815572
[16:26:12] [Server thread/INFO]: _14dec lost connection: Disconnected
[16:26:12] [Server thread/INFO]: _14dec left the game
[16:26:14] [Server thread/WARN]: Can't keep up! Is the server overloaded? Running 20155ms or 403 ticks behind
[16:26:19] [Server thread/INFO]: _14dec[/192.168.65.1:44720] logged in with entity id 1481 at (-369.55466908033577, 77.89199967570985, 799.9785388316553)
[16:26:20] [Server thread/INFO]: _14dec joined the game
[16:26:28] [Server thread/WARN]: _14dec moved too quickly! -10.235026818620383,0.0,-0.29503125426924726
[16:26:34] [Server thread/WARN]: _14dec moved too quickly! -1.9600154834577665,6.894365840738416,-7.292969532827897
[16:26:40] [Server thread/INFO]: _14dec lost connection: Disconnected
[16:26:40] [Server thread/INFO]: _14dec left the game
[16:26:41] [Server thread/WARN]: Can't keep up! Is the server overloaded? Running 12235ms or 244 ticks behind
[16:26:52] [Server thread/INFO]: _14dec[/192.168.65.1:37734] logged in with entity id 1685 at (-396.09133638471985, 102.44322481309344, 786.1352991016321)
[16:26:52] [Server thread/INFO]: _14dec joined the game
[16:27:01] [Server thread/WARN]: Can't keep up! Is the server overloaded? Running 4716ms or 94 ticks behind
[16:27:01] [Server thread/WARN]: _14dec moved too quickly! 1.7747556316427904,0.0,-10.521892102420793
[16:27:05] [Server thread/WARN]: _14dec moved too quickly! 3.066189068575227,0.0,9.931823539638003
[16:27:32] [Server thread/WARN]: Can't keep up! Is the server overloaded? Running 16016ms or 320 ticks behind
[16:27:37] [Server thread/INFO]: [Not Secure] §6§l[The World] §rXin chào mọi người 
[16:28:33] [Server thread/WARN]: Can't keep up! Is the server overloaded? Running 2026ms or 40 ticks behind
[16:32:09] [Server thread/WARN]: Can't keep up! Is the server overloaded? Running 2420ms or 48 ticks behind
[16:34:36] [Server thread/WARN]: Can't keep up! Is the server overloaded? Running 2222ms or 44 ticks behind
[16:35:50] [Server thread/INFO]: [Not Secure] §6§l[The World] §rBye everyone
[16:35:52] [RCON Client /0:0:0:0:0:0:0:1 #3/INFO]: Thread RCON Client /0:0:0:0:0:0:0:1 shutting down
[16:36:11] [RCON Listener #1/INFO]: Thread RCON Client /0:0:0:0:0:0:0:1 started
[16:36:11] [RCON Client /0:0:0:0:0:0:0:1 #4/INFO]: Thread RCON Client /0:0:0:0:0:0:0:1 shutting down
[16:36:11] [Server thread/INFO]: Stopping server
[16:36:12] [Server thread/INFO]: Saving players
[16:36:12] [Server thread/INFO]: _14dec lost connection: Server closed
[16:36:12] [Server thread/INFO]: _14dec left the game
[16:36:12] [Server thread/INFO]: Saving worlds
